  Source.cpp
c:\users\xomag\source\repos\paperrockscissors\source.cpp(43): warning C4244: =: преобразование "T" в "T", возможна потеря данных
          with
          [
              T=int
          ]
          and
          [
              T=float
          ]
c:\users\xomag\source\repos\paperrockscissors\source.cpp(44): warning C4244: =: преобразование "T" в "T", возможна потеря данных
          with
          [
              T=int
          ]
          and
          [
              T=float
          ]
  Создание кода
  1 of 75 functions ( 1.3%) were compiled, the rest were copied from previous compilation.
    0 functions were new in current compilation
    0 functions had inline decision re-evaluated but remain unchanged
  Создание кода завершено
  PaperRockScissors.vcxproj -> C:\Users\xomag\source\repos\PaperRockScissors\Release\PaperRockScissors.exe
